SLF4J: Failed to load class "org.slf4j.impl.StaticLoggerBinder".
SLF4J: Defaulting to no-operation (NOP) logger implementation
SLF4J: See http://www.slf4j.org/codes.html#StaticLoggerBinder for further details.
2021-03-05 12:25:36.469/2.672 Oracle Coherence 12.2.1.4.0 <Info> (thread=main, member=n/a): Loaded operational configuration from "jar:file:/C:/Oracle/Middleware/Oracle_Home11/coherence/lib/coherence.jar!/tangosol-coherence.xml"
2021-03-05 12:25:36.519/2.721 Oracle Coherence 12.2.1.4.0 <Info> (thread=main, member=n/a): Loaded operational overrides from "jar:file:/C:/Oracle/Middleware/Oracle_Home11/coherence/lib/coherence.jar!/tangosol-coherence-override-dev.xml"
2021-03-05 12:25:36.522/2.724 Oracle Coherence 12.2.1.4.0 <Info> (thread=main, member=n/a): Optional configuration override "/tangosol-coherence-override.xml" is not specified
2021-03-05 12:25:36.527/2.729 Oracle Coherence 12.2.1.4.0 <Info> (thread=main, member=n/a): Optional configuration override "cache-factory-config.xml" is not specified
2021-03-05 12:25:36.530/2.733 Oracle Coherence 12.2.1.4.0 <Info> (thread=main, member=n/a): Optional configuration override "cache-factory-builder-config.xml" is not specified
2021-03-05 12:25:36.533/2.735 Oracle Coherence 12.2.1.4.0 <Info> (thread=main, member=n/a): Optional configuration override "/custom-mbeans.xml" is not specified

Oracle Coherence Version 12.2.1.4.0 Build 74888
 Grid Edition: Development mode
Copyright (c) 2000, 2019, Oracle and/or its affiliates. All rights reserved.

2021-03-05 12:25:38.126/4.329 Oracle Coherence GE 12.2.1.4.0 <Info> (thread=main, member=n/a): The cluster name has not been configured, a value of "A687640's cluster" has been automatically generated
2021-03-05 12:25:38.962/5.164 Oracle Coherence GE 12.2.1.4.0 <Info> (thread=main, member=n/a): Created cache factory com.tangosol.net.ExtensibleConfigurableCacheFactory
Mar 05, 2021 12:25:39 PM oracle.soa.scac.ValidateComposite loadWSDLs
WARNING: Validating WSDLs from WSDLManager....  with option UseSoaInfraMds:false
Mar 05, 2021 12:25:39 PM oracle.fabric.common.wsdl.SchemaManager isIncrementalBuildSupported
INFO: XMLSchema incremental build enabled.
Mar 05, 2021 12:25:41 PM oracle.bpel.services.common.ServicesLogger __logException
SEVERE: <.> 
java.lang.NullPointerException
	at oracle.bpel.services.rules.fabric.FabricUtil.addSchemaInformation(FabricUtil.java:465)
	at oracle.bpel.services.rules.fabric.ComponentModelValidator.addSchemaInformation(ComponentModelValidator.java:281)
	at oracle.bpel.services.rules.fabric.ComponentModelValidator.validate(ComponentModelValidator.java:234)
	at sun.reflect.NativeMethodAccessorImpl.invoke0(Native Method)
	at sun.reflect.NativeMethodAccessorImpl.invoke(NativeMethodAccessorImpl.java:62)
	at sun.reflect.DelegatingMethodAccessorImpl.invoke(DelegatingMethodAccessorImpl.java:43)
	at java.lang.reflect.Method.invoke(Method.java:498)
	at oracle.soa.scac.rules.DecisionComponentValidator.validate(DecisionComponentValidator.java:120)
	at oracle.soa.scac.ValidateComposite.validateComponentTypeServicesReferences(ValidateComposite.java:1177)
	at oracle.soa.scac.ValidateComposite.doValidation0(ValidateComposite.java:607)
	at oracle.soa.scac.ValidateComposite.doValidation(ValidateComposite.java:586)
	at oracle.soa.scac.ValidateComposite.run0(ValidateComposite.java:234)
	at oracle.soa.scac.ValidateComposite.run(ValidateComposite.java:215)
	at oracle.soa.scac.ValidateComposite.main(ValidateComposite.java:207)

Java HotSpot(TM) 64-Bit Server VM warning: ignoring option PermSize=32m; support was removed in 8.0
Java HotSpot(TM) 64-Bit Server VM warning: ignoring option MaxPermSize=256m; support was removed in 8.0
